<?xml version="1.0" encoding="UTF-8"?>
<testng-results skipped="0" failed="0" ignored="0" total="1" passed="1">
  <reporter-output>
  </reporter-output>
  <suite name="Default suite" duration-ms="21845" started-at="2018-12-23T15:54:14Z" finished-at="2018-12-23T15:54:36Z">
    <groups>
    </groups>
    <test name="Default test" duration-ms="21845" started-at="2018-12-23T15:54:14Z" finished-at="2018-12-23T15:54:36Z">
      <class name="testcases.TestCase1">
        <test-method status="PASS" signature="signInTest()[pri:0, instance:testcases.TestCase1@26be92ad]" name="signInTest" duration-ms="21797" started-at="2018-12-23T15:54:15Z" finished-at="2018-12-23T15:54:36Z">
          <reporter-output>
          </reporter-output>
        </test-method> <!-- signInTest -->
      </class> <!-- testcases.TestCase1 -->
    </test> <!-- Default test -->
  </suite> <!-- Default suite -->
</testng-results>
